cdx-00021.noconnect
	Python  : 3.10.6 (main, May 29 2023, 11:10:38) [GCC 11.3.0]
	Node    : s
	Home    : /home/anton
	OS      : Linux
	Release : 5.19.0-46-generic
	Version : #47~22.04.1-Ubuntu SMP PREEMPT_DYNAMIC Wed Jun 21 15:35:31 UTC 2
	Arch    : x86_64
	CPU     : x86_64
	Preset options
	-------------------------
	File                     : data/domains-data/noconnect/cc-2023-06/com/cdx-00021.noconnect
	Domain                   : None
	Print to console         : True
	Long Format              : False
	Interval Time            : 0
	Expire Days              : 60
	Track whois text change  : True
	Use Telegram             : False
	Proxy for Telegram       : None
	Email to                 : None
	Email subject            : None
	Email SSL                : False
	Email AUTH               : False
	Email STARTTLS           : False
	Use internal whois       : False
	Use only external whois  : True
	Use extra external whois : False
	Print banner             : False
	-------------------------
	The whois found in: /usr/bin/whois
------------------------------------------ -------------------- -----------------
Domain Name                                Expiration Date      Days Left        
------------------------------------------ -------------------- -----------------
workers:5
2santaanaave.com                    -------------------- Is it Free?      
2rinvlog.com                        2024-03-03     Valid      ( 230)
2scholarship.com                    2023-04-28     Expires    ( -79)
2sconstrutora.com                   -------------------- Is it Free?      
2searchshopping.com                 -------------------- Is it Free?      
2shadowsmedia.com                   -------------------- Is it Free?      
2smartmoney.com                     2023-06-03     Expires    ( -43)
2securemedical.com                  2023-05-07     Expires    ( -70)
       - domain name: 2securemedical.com
       - registry domain id: 2523421189_domain_com-vrsn
       - registrar whois server: whois.wix.com
       - registrar url: http://www.wix.com
       - creation date: 2020-05-07t23:32:39z
       - registry expiry date: 2023-05-07t23:32:39z
       - registrar: wix.com ltd.
       - registrar iana id: 3817
       - registrar abuse contact email: domain-abuse@wix.com
       - registrar abuse contact phone: +14154291173
       - domain status: redemptionperiod https://icann.org/epp#redemptionperiod
       - name server: ns4.wixdns.net
       - name server: ns5.wixdns.net
       - dnssec: unsigned
       - url of the icann whois inaccuracy complaint form: https://www.icann.org/wicf/
       - 
       - for more information on whois status codes, please visit https: //icann.org/epp
       - 
       - notice: the expiration date displayed in this record is the date the
       - registrar's sponsorship of the domain name registration in the registry is
       - currently set to expire. this date does not necessarily reflect the expiration
       - date of the domain name registrant's agreement with the sponsoring
       - registrar.  users may consult the sponsoring registrar's whois database to
       - view the registrar's reported date of expiration for this registration.
       - 
       - terms of use: you are not authorized to access or query our whois
       - database through the use of electronic processes that are high-volume and
       - automated except as reasonably necessary to register domain names or
       - modify existing registrations; the data in verisign global registry
       - services' ("verisign") whois database is provided by verisign for
       - information purposes only, and to assist persons in obtaining information
       - about or related to a domain name registration record. verisign does not
       - guarantee its accuracy. by submitting a whois query, you agree to abide
       - by the following terms of use: you agree that you may use this data only
       - for lawful purposes and that under no circumstances will you use this data
       - to: (1) allow, enable, or otherwise support the transmission of mass
       - unsolicited, commercial advertising or solicitations via e-mail, telephone,
       - or facsimile; or (2) enable high volume, automated, electronic processes
       - that apply to verisign (or its computer systems). the compilation,
       - repackaging, dissemination or other use of this data is expressly
       - prohibited without the prior written consent of verisign. you agree not to
       - use electronic processes that are automated and high-volume to access or
       - query the whois database except as reasonably necessary to register
       - domain names or modify existing registrations. verisign reserves the right
       - to restrict your access to the whois database in its sole discretion to ensure
       - operational stability.  verisign may restrict or terminate your access to the
       - whois database for failure to abide by these terms of use. verisign
       - reserves the right to modify these terms at any time.
       - 
       - the registry database contains only .com, .net, .edu domains and
       - registrars.important: the data contained in wix.com ltd.'s whois database, while believed
       ? ^ ^^^^  ^^^
       + 310 exceeded max command rateimportant: the data contained in wix.com ltd.'s whois database, while believed
       ? ^^^^ ^^^^^^^^^^^^^^^^^^^^  ^^
       

2sante.com                          2024-07-06     Valid      ( 355)
2sofficial.com                      2023-06-10     Expires    ( -37)
2storycabin.com                     2024-01-10     Valid      ( 178)
2sexybrains.com                     2023-08-22     Expires    (  37)
2talls.com                          2023-06-11     Expires    ( -36)
2timeslevelpathway.com              -------------------- Is it Free?      
2theadvocate.com                    2024-06-01     Valid      ( 321)
       - interrupted by signal 2...
       ?                                                     ^^
       + domain name: 2theadvocate.com
       + registry domain id: 71742530_domain_com-vrsn
       + registrar whois server: whois.networksolutions.com
       + registrar url: http://networksolutions.com
       + creation date: 2001-06-01t20:28:51z
       + registrar registration expiration date: 2024-06-01t20:28:51z
       + registrar: network solutions, llc
       + registrar iana id: 2
       + reseller:
       + domain status: clienttransferprohibited https://icann.org/epp#clienttransferprohibited
       + registry registrant id:
       + registrant name: capitalcitypress
       + registrant organization: capitalcitypress
       + registrant street: po box 588
       + registrant city: baton rouge
       + registrant state/province: la
       + registrant postal code: 70821-0588
       + registrant country: us
       + registrant phone: +1.2253880710
       + registrant phone ext:
       + registrant fax: +1.2253880741
       + registrant fax ext:
       + registrant email: awhitcher@theadvocate.com
       + registry admin id:
       + admin name: whitcher, ashley
       + admin organization: capital city press
       + admin street: p.o. box 588
       + admin city: baton rouge
       + admin state/province: la
       + admin postal code: 70810
       + admin country: us
       + admin phone: +1.2253880710
       + admin phone ext:
       + admin fax: +1.2253880741
       + admin fax ext:
       + admin email: awhitcher@theadvocate.com
       + registry tech id:
       + tech name: capitalcitypress
       + tech organization: capitalcitypress
       + tech street: po box 588
       + tech city: baton rouge
       + tech state/province: la
       + tech postal code: 70821-0588
       + tech country: us
       + tech phone: +1.2253880710
       + tech phone ext:
       + tech fax: +1.2253880741
       + tech fax ext:
       + tech email: awhitcher@theadvocate.com
       + name server: ns49.worldnic.com
       + name server: ns50.worldnic.com
       + dnssec: unsigned
       + registrar abuse contact email: domain.operations@web.com
       + registrar abuse contact phone: +1.8777228662
       + url of the icann whois data problem reporting system: http://wdprs.internic.net/
       + 
       + for more information on whois status codes, please visit https://www.icann.org/resources/pages/epp-status-codes-2014-06-16-en
       + 
       + 
       + the data in networksolutions.com's whois database is provided to you by
       + networksolutions.com for information purposes only, that is, to assist you in
       + obtaining information about or related to a domain name registration
       + record. networksolutions.com makes this information available "as is," and
       + does not guarantee its accuracy. by submitting a whois query, you
       + agree that you will use this data only for lawful purposes and that,
       + under no circumstances will you use this data to: (1) allow, enable,
       + or otherwise support the transmission of mass unsolicited, commercial
       + advertising or solicitations via direct mail, electronic mail, or by
       + telephone; or (2) enable high volume, automated, electronic processes
       + that apply to networksolutions.com  (or its systems). the compilation,
       + repackaging, dissemination or other use of this data is expressly
       + prohibited without the prior written consent of networksolutions.com.
       + networksolutions.com reserves the right to modify these terms at any time.
       + by submitting this query, you agree to abide by these terms.
       + 
       + for more information on whois status codes, please visit
       + https://www.icann.org/resources/pages/epp-status-codes-2014-06-16-en.
       

2t5t.com                            2024-09-07     Valid      ( 418)
2treasury-island.com                -------------------- Is it Free?      
2thedumpllc.com                     2024-06-22     Valid      ( 342)
2tinc.com                           2023-05-11     Expires    ( -66)
2twosixalliance.com                 -------------------- Is it Free?      
2tx1.com                            2024-07-08     Valid      ( 357)
2ufavorite.com                      -------------------- Is it Free?      
2vanx.com                           2024-03-04     Valid      ( 231)
2unique4u.com                       2023-05-23     Expires    ( -54)
2voltev.com                         -------------------- Is it Free?      
2veneti.com                         2024-12-02     Valid      ( 504)
2w-arch.com                         2023-05-11     Expires    ( -66)
2w-arch.com                         2023-05-11     Expires    ( -66)
2w56w.com                           2023-10-23     Valid      (  99)
2webpros.com                        -------------------- Is it Free?      
2wheel.com                          2024-03-20     Valid      ( 248)
2rta.com                            -------------------- Error            
2wapworld.com                       2023-12-24     Valid      ( 161)
2wileycpas.com                      2024-06-12     Valid      ( 332)
2winorama.com                       2023-05-03     Expires    ( -75)
2xif.com                            -------------------- Is it Free?      
2xiguaw.com                         2023-08-10     Expires    (  24)
2specdriveways.com                  -------------------- Error            
2waylifewalker.com                  2023-08-29     Expires    (  43)
2yq.com                             2024-05-30     Valid      ( 319)
2ztk4.com                           2023-08-04     Expires    (  18)
2ysts6mjemhg.com                    2023-05-07     Expires    ( -71)
3-psh.com                           -------------------- Is it Free?      
2sote.com                           2024-01-18     Valid      ( 186)
30-34obtuseroadnorth.com            2023-05-03     Expires    ( -74)
2usrqwl1z.com                       -------------------- Error            
3-wakaba.com                        2024-04-09     Valid      ( 267)
300-3rdst1011.com                   -------------------- Is it Free?      
2streetsproject.com                 2024-07-01     Valid      ( 351)
3-is.com                            2023-05-05     Expires    ( -72)
3-string-guitar.com                 2023-07-24     Expires    (   8)
30081harvester.com                  -------------------- Is it Free?      
3008022.com                         2024-04-13     Valid      ( 271)
3008sentney.com                     -------------------- Is it Free?      
300daveyglen3306.com                -------------------- Is it Free?      
300montford.com                     -------------------- Is it Free?      
300man-toushi.com                   2023-05-21     Expires    ( -57)
300queensquayeast.com               -------------------- Is it Free?      
300raisonsdaimer.com                2023-05-18     Expires    ( -60)
300shred.com                        2023-05-04     Expires    ( -73)
30155a.com                          -------------------- Is it Free?      
3011erinwaycourt.com                2023-05-18     Expires    ( -59)
2xbiz.com                           -------------------- Error            
301mission23f.com                   -------------------- Is it Free?      
301submitter.com                    -------------------- Is it Free?      
301bryant301.com                    2023-05-01     Expires    ( -76)
300lakeside.com                     2024-06-23     Valid      ( 342)
301store.com                        2023-11-20     Valid      ( 126)
301svip.com                         2023-05-22     Expires    ( -55)
30422penrod.com                     2023-05-05     Expires    ( -72)
304350.com                          -------------------- Is it Free?      
3051ditch.com                       -------------------- Is it Free?      
3055coombsvillerd.com               -------------------- Is it Free?      
304evergreen.com                    2023-04-27     Expires    ( -80)
306-2940harriet.com                 -------------------- Is it Free?      
306woodensigns.com                  -------------------- Is it Free?      
306woodensigns.com                  -------------------- Is it Free?      
3058bergenpointtrail.com            2023-05-05     Expires    ( -72)
3077florida.com                     -------------------- Is it Free?      
30815whim.com                       -------------------- Is it Free?      
3077monterey.com                    2024-06-22     Valid      ( 342)
3082buenavista.com                  2024-07-01     Valid      ( 351)
3000huben.com                       -------------------- Error            
30812345.com                        2025-03-08     Valid      ( 600)
308168.com                          2024-08-05     Valid      ( 386)
308168.com                          2024-08-05     Valid      ( 386)
308246.com                          2024-05-02     Valid      ( 290)
308eberhart.com                     -------------------- Is it Free?      
30856789.com                        2025-03-08     Valid      ( 600)
30856789.com                        2025-03-08     Valid      ( 600)
3090honeyarbor.com                  -------------------- Is it Free?      
3087788.com                         2024-07-21     Valid      ( 370)
3090threads.com                     2023-04-29     Expires    ( -78)
308thestrand.com                    2023-05-17     Expires    ( -61)
309newellroad.com                   2023-05-13     Expires    ( -65)
30acleanhomes.com                   -------------------- Is it Free?      
30be.com                            2024-07-22     Valid      ( 372)
30casinobonussignup.com             2023-04-27     Expires    ( -80)
30blessings.com                     2023-08-29     Expires    (  43)
30dai-hibi.com                      -------------------- Is it Free?      
30centimes.com                      2024-07-05     Valid      ( 354)
30daysofhtml.com                    -------------------- Is it Free?      
30daysofvictory.com                 -------------------- Is it Free?      
303superitc.com                     -------------------- Error            
30erobert.com                       -------------------- Is it Free?      
30daysonedresssize.com              2025-01-10     Valid      ( 544)
30firethorn.com                     -------------------- Is it Free?      
306andromede.com                    -------------------- Error            
30foroosh.com                       -------------------- Is it Free?      
30ignal.com                         2024-06-20     Valid      ( 340)
30karahaji.com                      -------------------- Is it Free?      
30kalender.com                      -------------------- Is it Free?      
30kalender.com                      -------------------- Is it Free?      
30lowndesroad.com                   -------------------- Is it Free?      
30goals.com                         2023-12-30     Valid      ( 167)
30maplecrest-drive.com              2023-05-18     Expires    ( -59)
30nah.com                           -------------------- Is it Free?      
30ngaytoikhoe.com                   -------------------- Is it Free?      
30oksf.com                          -------------------- Is it Free?      
30allrightcasino.com                -------------------- Error            
30pe.com                            -------------------- Is it Free?      
30pkg.com                           -------------------- Is it Free?      
30sandyhillrdmiddlebury.com         2023-05-27     Expires    ( -50)
30secondhabitapp.com                2024-04-19     Valid      ( 277)
30glenavenue.com                    -------------------- Error            
30sheridan.com                      2023-05-13     Expires    ( -64)
30su.com                            2024-05-12     Valid      ( 301)
30lbsskunk.com                      -------------------- Error            
30track.com                         -------------------- Is it Free?      
30westplace.com                     2024-06-16     Valid      ( 335)
30thstar.com                        2024-03-07     Valid      ( 234)
30windmillroad.com                  2023-05-14     Expires    ( -63)
30ontap.com                         -------------------- Error            
30yearsofv4.com                     -------------------- Is it Free?      
30ontap.com                         -------------------- Error            
3106mlk.com                         -------------------- Is it Free?      
3107-franklin.com                   -------------------- Is it Free?      
310mizu.com                         2027-01-12     Valid      (1276)
310testzentrum.com                  -------------------- Is it Free?      
3104kikaku.com                      2024-03-26     Valid      ( 253)
3110031.com                         -------------------- Is it Free?      
310upperlake.com                    -------------------- Is it Free?      
310santaana.com                     2023-05-20     Expires    ( -57)
3115lewiston.com                    -------------------- Is it Free?      
3110kun.com                         2024-04-01     Valid      ( 260)
3110adeline122.com                  2023-05-24     Expires    ( -54)
311580.com                          2024-03-09     Valid      ( 237)
311oakph7.com                       2023-05-04     Expires    ( -73)
311b.com                            2024-09-03     Valid      ( 415)
311tac.com                          2024-08-18     Valid      ( 399)
3120craytonrd.com                   -------------------- Is it Free?      
31257lobocanyon.com                 -------------------- Is it Free?      
3122findlaycreekdr.com              -------------------- Is it Free?      
312168.com                          2024-04-15     Valid      ( 274)
312foothill.com                     2023-05-03     Expires    ( -74)
3130eton.com                        2023-05-04     Expires    ( -73)
313shopping.com                     -------------------- Is it Free?      
3140crestmoor.com                   -------------------- Is it Free?      
30sparks.com                        -------------------- Error            
31435indianoak.com                  -------------------- Is it Free?      
3141-3143fillmore.com               2024-06-24     Valid      ( 344)
314nh.com                           -------------------- Is it Free?      
314one.com                          2023-05-06     Expires    ( -72)
314wpoplar.com                      -------------------- Is it Free?      
311100.com                          2023-10-29     Valid      ( 104)
313area.com                         2024-03-30     Valid      ( 258)
3150wine.com                        -------------------- Is it Free?      
3104terrylakerd.com                 -------------------- Error            
315babesway.com                     -------------------- Is it Free?      
3155reva.com                        2023-05-24     Expires    ( -53)
315down.com                         -------------------- Is it Free?      
315955.com                          2024-03-28     Valid      ( 255)
315hookstreet.com                   -------------------- Is it Free?      
315mccarthy.com                     -------------------- Is it Free?      
315268.com                          2023-11-07     Valid      ( 113)
315forestroad.com                   2024-07-03     Valid      ( 353)
303322.com                          2025-03-12     Valid      ( 604)
3168c3.com                          2023-05-06     Expires    ( -72)
3168darby.com                       -------------------- Is it Free?      
3174beaudry.com                     -------------------- Is it Free?      
316miltonroad.com                   2023-05-10     Expires    ( -67)
3176660.com                         2023-11-12     Valid      ( 119)
3176660.com                         2023-11-12     Valid      ( 119)
316742.com                          2024-01-25     Valid      ( 193)
317avenida.com                      2023-05-01     Expires    ( -77)
3176662.com                         2023-11-12     Valid      ( 119)
317shasta.com                       2023-05-06     Expires    ( -71)
3181sunsethills.com                 -------------------- Is it Free?      
311web.com                          -------------------- Error            
311web.com                          -------------------- Error            
318stgeorge.com                     -------------------- Is it Free?      
319donganh.com                      -------------------- Is it Free?      
31colon2c.com                       -------------------- Is it Free?      
31art-clarapress.com                2023-04-28     Expires    ( -79)
31jo.com                            -------------------- Is it Free?      
31kproject.com                      -------------------- Is it Free?      
3199x3.com                          2024-04-14     Valid      ( 272)
31mansion.com                       2023-10-18     Valid      (  93)
31moss.com                          2024-06-22     Valid      ( 341)
31oldnorthrd.com                    -------------------- Is it Free?      
31ridgeparklane.com                 2023-05-03     Expires    ( -74)
31willanaavenue.com                 -------------------- Is it Free?      
31xnxx.com                          -------------------- Is it Free?      
31vulkanst.com                      2023-12-26     Valid      ( 163)
31track.com                         2026-07-23     Valid      (1102)
3176662.com                         -------------------- Error            
3176663.com                         -------------------- Error            
320dpi.com                          2024-06-21     Valid      ( 340)
320ewalnut.com                      2023-05-11     Expires    ( -67)
321gooutlet.com                     -------------------- Is it Free?      
32-aofa.com                         2023-09-06     Expires    (  52)
321battle.com                       2023-05-12     Expires    ( -65)
321ka.com                           2027-08-14     Valid      (1490)
31mille.com                         -------------------- Error            
321mysite.com                       -------------------- Is it Free?      
321partezavecyann.com               2023-05-13     Expires    ( -64)
321shuba.com                        2023-12-05     Valid      ( 141)
321update.com                       -------------------- Is it Free?      
321yytt.com                         -------------------- Is it Free?      
322countryclub.com                  -------------------- Is it Free?      
320-42ndave.com                     -------------------- Error            
3230burtonct.com                    -------------------- Is it Free?      
321sleep.com                        2030-10-08     Valid      (2641)
3232coin.com                        -------------------- Is it Free?      
32310c.com                          2024-07-12     Valid      ( 362)
3236king.com                        2024-06-19     Valid      ( 339)
323chestnut17.com                   -------------------- Is it Free?      
3236primroseln.com                  -------------------- Is it Free?      
323chestnutunit4.com                -------------------- Is it Free?      
324-45th.com                        2023-04-27     Expires    ( -81)
32520wagonwheel.com                 -------------------- Is it Free?      
3255dillonbeachroad.com             2023-05-27     Expires    ( -50)
324squirrelridge.com                2023-05-11     Expires    ( -66)
325crowsnestdr.com                  -------------------- Is it Free?      
321campaigns.com                    -------------------- Error            
325newsupdate.com                   -------------------- Is it Free?      
325sausalitoblvd.com                -------------------- Is it Free?      
321mainstreet.com                   -------------------- Error            
321manga.com                        2023-10-29     Valid      ( 105)
3265rusticwoodscourt.com            -------------------- Is it Free?      
3237101.com                         2023-07-30     Expires    (  14)
327sierrawoods.com                  -------------------- Is it Free?      
32784ortega.com                     -------------------- Is it Free?      
3279ncabrillohwy.com                2023-04-26     Expires    ( -81)
326361.com                          2023-05-23     Expires    ( -54)
3286woodley.com                     -------------------- Is it Free?      
32bmaranuistreet.com                -------------------- Is it Free?      
328bunbundo.com                     2024-10-17     Valid      ( 458)
3284rice.com                        2024-02-18     Valid      ( 217)
32beaconhillterrace.com             2023-05-13     Expires    ( -64)
32life-box.com                      2024-03-15     Valid      ( 243)
32mixesshop.com                     -------------------- Is it Free?      
32k1003.com                         2024-07-16     Valid      ( 366)
32k12.com                           2024-01-22     Valid      ( 189)
32mullenhillroad.com                -------------------- Is it Free?      
32mtyc.com                          2023-05-12     Expires    ( -65)
32oakavenue.com                     -------------------- Is it Free?      
32oakbankavenue.com                 -------------------- Is it Free?      
33-77shop.com                       2023-09-06     Expires    (  51)
32photography.com                   2024-06-03     Valid      ( 322)
3300168.com                         2023-11-01     Valid      ( 108)
3307mission.com                     -------------------- Is it Free?      
32mondays.com                       2023-11-20     Valid      ( 127)
32somacot.com                       2023-05-06     Expires    ( -71)
3307lakecountyhwy.com               2024-06-03     Valid      ( 322)
3307renaissance.com                 -------------------- Is it Free?      
330barrington303.com                -------------------- Is it Free?      
330mentor338.com                    2023-04-30     Expires    ( -77)
33102-info.com                      -------------------- Is it Free?      
330nbixelst.com                     2023-10-31     Valid      ( 107)
330nbixelst.com                     2023-10-31     Valid      ( 107)
3312brittan15.com                   2023-04-29     Expires    ( -79)
33136basswood.com                   2023-05-05     Expires    ( -73)
3320robinson.com                    -------------------- Is it Free?      
331v.com                            2024-07-10     Valid      ( 360)
333-roosevelt.com                   2023-05-18     Expires    ( -60)
333-slippers.com                    2025-01-16     Valid      ( 549)
33338416.com                        -------------------- Is it Free?      
331h.com                            2023-11-17     Valid      ( 123)
3328whitlocklane.com                2023-05-15     Expires    ( -63)
333cashloan.com                     -------------------- Is it Free?      
333bigwin.com                       2023-05-19     Expires    ( -59)
32326556.com                        2023-10-28     Valid      ( 103)
333mxshoopracing.com                2023-06-02     Expires    ( -44)
333maket.com                        2023-12-22     Valid      ( 159)
3352-24th.com                       2023-04-28     Expires    ( -79)
3355335.com                         2023-11-25     Valid      ( 131)
333property.com                     2024-01-07     Valid      ( 174)
333baski.com                        2032-06-19     Valid      (3260)
333baski.com                        2032-06-19     Valid      (3260)
32allrightcasino.com                -------------------- Error            
335lovell.com                       -------------------- Is it Free?      
333reklam.com                       2027-02-13     Valid      (1307)
333reklam.com                       2027-02-13     Valid      (1307)
333reklam.com                       2027-02-13     Valid      (1307)
335pacos.com                        -------------------- Is it Free?      
336589.com                          -------------------- Is it Free?      
333etiket.com                       2027-06-21     Valid      (1436)
337.com                             2029-09-08     Valid      (2245)
3377broncolane.com                  -------------------- Is it Free?      
33792741.com                        -------------------- Is it Free?      
333etiket.com                       2027-06-21     Valid      (1436)
338blossomhillroad.com              -------------------- Is it Free?      
338spear11c.com                     -------------------- Is it Free?      
3393ridgeroad.com                   -------------------- Is it Free?      
33cafe-zushi.com                    -------------------- Is it Free?      
3377pay.com                         2023-12-02     Valid      ( 139)
33betad.com                         2024-04-09     Valid      ( 267)
33cjg.com                           -------------------- Is it Free?      
337.com                             2029-09-08     Valid      (2245)
33gardinerroad.com                  -------------------- Is it Free?      
33highfieldlane.com                 2023-05-17     Expires    ( -60)
33indigo.com                        -------------------- Is it Free?      
33isdr.com                          -------------------- Is it Free?      
3351sw141stave.com                  -------------------- Error            
33medya.com                         2023-04-28     Expires    ( -80)
33degreesfahrenheit.com             2023-10-25     Valid      ( 101)
33montgomeryave.com                 -------------------- Is it Free?      
33monticellodrive.com               2023-05-12     Expires    ( -65)
33rodzbaseball.com                  2023-06-09     Expires    ( -37)
33shoop.com                         -------------------- Is it Free?      
339av.com                           -------------------- Error            
33shoop.com                         -------------------- Is it Free?      
34-patisserie-life.com              -------------------- Is it Free?      
340-bennettsfarmroad.com            2023-05-08     Expires    ( -69)
33eastst.com                        -------------------- Error            
33firearmcente.com                  -------------------- Error            
340performance.com                  -------------------- Is it Free?      
340882.com                          2023-08-30     Expires    (  45)
3414499.com                         2026-12-25     Valid      (1257)
3400-3420geary.com                  2023-05-11     Expires    ( -66)
340defense.com                      2023-10-08     Valid      (  83)
3418scott.com                       2023-05-04     Expires    ( -73)
3420deerpark.com                    -------------------- Is it Free?      
341elcerrito.com                    2023-05-27     Expires    ( -50)
3426cocardcourtwindermere.com       -------------------- Is it Free?      
3417diamondfallscir.com             2023-05-25     Expires    ( -52)
344chelsea.com                      -------------------- 342401.com                          Is it Free?      2023-05-10    
 Expires    ( -68)
345agriculture.com                  -------------------- Is it Free?      
33mersin33.com                      -------------------- Error            
3462bryant.com                      -------------------- Is it Free?      
345-8thst.com                       2024-06-17     Valid      ( 337)
3469-19th.com                       -------------------- Is it Free?      
349525.com                          -------------------- Is it Free?      
3474monroe.com                      -------------------- Is it Free?      
34eddystonect.com                   -------------------- Is it Free?      
349canterburycourt.com              2024-06-20     Valid      ( 340)
34chowringheelane.com               2024-06-14     Valid      ( 334)
34southportcondo.com                -------------------- Is it Free?      
34q2.com                            2023-05-17     Expires    ( -61)
34tesisat.com                       -------------------- Is it Free?      
34woodsideavenue.com                -------------------- Is it Free?      
350alabama20.com                    -------------------- Is it Free?      
34spreview.com                      2025-05-15     Valid      ( 669)
35001-info.com                      2023-11-25     Valid      ( 132)
34lou.com                           2024-03-31     Valid      ( 258)
350montreal.com                     -------------------- Is it Free?      
33winonline.com                     -------------------- Error            
350vine.com                         -------------------- Is it Free?      
350fps-airsoft.com                  2024-05-01     Valid      ( 290)
351oxford.com                       -------------------- Is it Free?      
353southrexforddrive.com            -------------------- Is it Free?      
3540valleyview.com                  -------------------- Is it Free?      
3533teyo.com                        2028-10-31     Valid      (1933)
355castaic.com                      -------------------- Is it Free?      
3553vialoscolorados.com             2023-05-19     Expires    ( -58)
354douglasave.com                   2023-05-24     Expires    ( -53)
356live.com                         -------------------- Is it Free?      
357caminodeceleste.com              -------------------- Is it Free?      
3564brook.com                       2024-06-14     Valid      ( 333)
3585pauljones.com                   2023-05-13     Expires    ( -64)
358kok.com                          2023-05-27     Expires    ( -51)
35coventry.com                      -------------------- Is it Free?      
343graphix.com                      -------------------- Error            
356porscheclub.com                  2024-01-11     Valid      ( 179)
35driftwoodln.com                   2023-05-06     Expires    ( -71)
35labo.com                          2023-10-06     Valid      (  81)
35kg.com                            2029-12-09     Valid      (2338)
35ranuicres.com                     2023-05-10     Expires    ( -67)
35muir.com                          2023-05-24     Expires    ( -54)
35kv.com                            2024-08-15     Valid      ( 396)
3600victor.com                      2023-05-12     Expires    ( -65)
360-advisor.com                     2024-04-25     Valid      ( 284)
360304.com                          2024-03-04     Valid      ( 231)
359futures.com                      2024-05-20     Valid      ( 309)
360atoll.com                        2024-06-17     Valid      ( 336)
360antivirussupport.com             2024-07-10     Valid      ( 359)
360calledelsol.com                  -------------------- Is it Free?      
360arti.com                         2024-01-22     Valid      ( 190)
35wsee.com                          2024-04-30     Valid      ( 289)
360checkurl.com                     -------------------- Is it Free?      
360capitalmarkets.com               2023-12-17     Valid      ( 154)
360castles.com                      2023-08-18     Expires    (  32)
35can.com                           -------------------- Error            
360clinical.com                     2023-12-23     Valid      ( 159)
360clinical.com                     2023-12-23     Valid      ( 159)
360cpwnyc.com                       2027-03-08     Valid      (1331)
360buy.com                          2026-05-26     Valid      (1044)
360chongdianzhuang.com              2025-03-03     Valid      ( 595)
35lipin.com                         -------------------- Error            
360degreesfree.com                  -------------------- Is it Free?      
360buyimg.com                       2028-09-10     Valid      (1882)
360drm.com                          2024-03-08     Valid      ( 236)
360eduinfo.com                      -------------------- Is it Free?      
360fabulouswears.com                -------------------- Is it Free?      
360eol.com                          2030-12-11     Valid      (2704)
360dushu.com                        2024-04-16     Valid      ( 275)
360gossipmag.com                    -------------------- Is it Free?      
360greenley.com                     2023-05-23     Expires    ( -54)
360healthservicesllc.com            2024-01-08     Valid      ( 176)
360holistichealing.com              -------------------- Is it Free?      
360czdz.com                         2024-06-03     Valid      ( 323)
360hrsolutionsinc.com               -------------------- Is it Free?      
360hoardings.com                    2023-11-06     Valid      ( 112)
359gd.com                           2023-10-15     Valid      (  90)
360jobfinder.com                    -------------------- Is it Free?      
360lion.com                         2027-07-28     Valid      (1472)
360cryptofinance.com                -------------------- Error            
360marketagency.com                 -------------------- Is it Free?      
360mfquan.com                       2023-06-09     Expires    ( -38)
360loungehfx.com                    2023-05-04     Expires    ( -73)
360photografia.com                  -------------------- Is it Free?      
360pickeringplace.com               2023-05-06     Expires    ( -71)
360facil.com                        -------------------- Error            
360photoboothmrkt.com               2023-11-03     Valid      ( 110)
360ongsaonline.com                  2024-06-03     Valid      ( 322)
360reputationshield.com             -------------------- Is it Free?      
360reputationshield.com             -------------------- Is it Free?      
360salescrm.com                     -------------------- Is it Free?      
360scopenew.com                     -------------------- Is it Free?      
360pais.com                         -------------------- Is it Free?      
360shaokao.com                      2023-05-20     Expires    ( -57)
360humanhairwigs.com                -------------------- Error            
360consulenza.com                   2023-09-24     Soon       (  70)
360sportscapital.com                -------------------- Is it Free?      
360sportstech.com                   -------------------- Is it Free?      
360consulenza.com                   2023-09-24     Soon       (  70)
       - domain name: 360consulenza.com
       - registry domain id: 1521094763_domain_com-vrsn
       - registrar whois server: whois.publicdomainregistry.com
       - registrar url: www.publicdomainregistry.com
       - creation date: 2008-09-24t15:17:34z
       - registrar registration expiration date: 2023-09-24t15:17:34z
       - registrar: pdr ltd. d/b/a publicdomainregistry.com
       - registrar iana id: 303
       - domain status: clienttransferprohibited https://icann.org/epp#clienttransferprohibited
       - registry registrant id: gdpr masked
       - registrant name: gdpr masked
       - registrant organization: gdpr masked
       - registrant street: gdpr masked
       - registrant city: gdpr masked
       - registrant state/province: ba
       - registrant postal code: gdpr masked
       - registrant country: it
       - registrant phone: gdpr masked
       - registrant phone ext:
       - registrant fax: gdpr masked
       - registrant fax ext:
       - registrant email: gdpr-masking@gdpr-masked.com
       - registry admin id: gdpr masked
       - admin name: gdpr masked
       - admin organization: gdpr masked
       - admin street: gdpr masked
       - admin city: gdpr masked
       - admin state/province: gdpr masked
       - admin postal code: gdpr masked
       - admin country: gdpr masked
       - admin phone: gdpr masked
       - admin phone ext:
       - admin fax: gdpr masked
       - admin fax ext:
       - admin email: gdpr-masking@gdpr-masked.com
       - registry tech id: gdpr masked
       - tech name: gdpr masked
       - tech organization: gdpr masked
       - tech street: gdpr masked
       - tech city: gdpr masked
       - tech state/province: gdpr masked
       - tech postal code: gdpr masked
       - tech country: gdpr masked
       - tech phone: gdpr masked
       - tech phone ext:
       - tech fax: gdpr masked
       - tech fax ext:
       - tech email: gdpr-masking@gdpr-masked.com
       - name server: ns1.360consulenza.com
       - name server: ns2.360consulenza.com
       - dnssec: unsigned
       - registrar abuse contact email: abuse-contact@publicdomainregistry.com
       - registrar abuse contact phone: +1.2013775952
       - url of the icann whois data problem reporting system: http://wdprs.internic.net/
       - 
       - for more information on whois status codes, please visit https://icann.org/epp
       - 
       - registration service provided by: netsons s.r.l.
       - 
       - the data in this whois database is provided to you for information purposes
       - only, that is, to assist you in obtaining information about or related to a
       - domain name registration record. we make this information available "as is",
       - and do not guarantee its accuracy. by submitting a whois query, you agree
       - that you will use this data only for lawful purposes and that, under no
       - circumstances will you use this data to:
       - (1) enable high volume, automated, electronic processes that stress or load
       - this whois database system providing you this information; or
       - (2) allow, enable, or otherwise support the transmission of mass unsolicited,
       - commercial advertising or solicitations via direct mail, electronic mail, or
       - by telephone.
       - the compilation, repackaging, dissemination or other use of this data is
       - expressly prohibited without prior written consent from us. the registrar of
       - record is pdr ltd. d/b/a publicdomainregistry.com.
       - we reserve the right to modify these terms at any time.
       - by submitting this query, you agree to abide by these terms.
       

360techwhizz.com                    -------------------- Is it Free?      
360techwhizz.com                    -------------------- Is it Free?      
360tourgallery.com                  2023-05-13     Expires    ( -64)
360panyun.com                       -------------------- Error            
360trick.com                        -------------------- Is it Free?      
360sportshop.com                    2023-12-29     Valid      ( 166)
360tryst.com                        2026-04-02     Valid      ( 991)
360vernon207.com                    -------------------- Is it Free?      
360tupian.com                       2024-06-03     Valid      ( 323)
360viewindia.com                    -------------------- Is it Free?      
360viralhits.com                    -------------------- Is it Free?      
360showflat.com                     -------------------- Error            
360wellnesstx.com                   2023-10-03     Soon       (  79)
360showflat.com                     -------------------- Error            
3611vine.com                        -------------------- Is it Free?      
363scott.com                        -------------------- Is it Free?      
3645-23rda.com                      -------------------- Is it Free?      
364110.com                          2023-05-12     Expires    ( -65)
360taojin.com                       -------------------- Error            
3648dixiecyn.com                    2023-04-29     Expires    ( -78)
365-bjq.com                         2024-01-29     Valid      ( 196)
360imagem.com                       2024-05-21     Valid      ( 310)
365-music.com                       2027-04-12     Valid      (1366)
365-aa.com                          2024-07-02     Valid      ( 352)
365blogs.com                        2024-01-13     Valid      ( 181)
365365vip.com                       2026-08-19     Valid      (1130)
365cntt.com                         -------------------- Is it Free?      
365calculators.com                  2023-05-02     Expires    ( -75)
365daigaku.com                      2023-10-09     Valid      (  84)
365conservative.com                 2023-05-05     Expires    ( -72)
365datingweb.com                    2023-05-08     Expires    ( -70)
365dayshealthy.com                  -------------------- Is it Free?      
365daysledlight.com                 2023-05-14     Expires    ( -64)
365dayswithmusic.com                2023-12-14     Valid      ( 151)
365dm.com                           2023-09-09     Expires    (  55)
360yuanshuo.com                     2024-03-01     Valid      ( 228)
365gdst.com                         2023-06-05     Expires    ( -41)
365egao.com                         2023-12-08     Valid      ( 144)
365hyzmat.com                       -------------------- Is it Free?      
365hbjx.com                         2023-07-26     Expires    (   9)
365factoryoutlet.com                2023-11-08     Valid      ( 114)
365ime.com                          2025-04-22     Valid      ( 646)
365j.com                            2025-12-18     Valid      ( 886)
365key.com                          2024-09-24     Valid      ( 435)
365kjg.com                          2023-05-15     Expires    ( -63)
360riji.com                         2023-09-20     Soon       (  65)
365hardwarenews.com                 2023-08-14     Expires    365nice.com                        (  29) 
2024-06-22     Valid      ( 341)
365qzly.com                         2023-12-27     Valid      ( 163)
365savon.com                        2025-03-18     Valid      ( 610)
365rents.com                        2023-08-04     Expires    (  19)
365rents.com                        2023-08-04     Expires    (  19)
365skorbola.com                     -------------------- Is it Free?      
365socialtalk.com                   -------------------- Is it Free?      
365tofitness.com                    -------------------- Is it Free?      
365toro.com                         -------------------- Is it Free?      
365tutorsllc.com                    -------------------- Is it Free?      
365amanbola.com                     -------------------- Error            
365wm19.com                         2023-05-27     Expires    ( -51)
365wmvip1454.com                    2023-10-27     Valid      ( 103)
365you.com                          2025-02-02     Valid      ( 567)
365yzh.com                          2023-07-27     Expires    (  11)
365wmvip1512.com                    2023-10-27     Valid      ( 103)
361171.com                          2023-10-14     Valid      (  89)
365meitong.com                      -------------------- Error            
3694elencanto.com                   -------------------- Is it Free?      
366rooz.com                         2024-06-08     Valid      ( 327)
369nnnn.com                         2023-06-11     Expires    ( -35)
365qinhang.com                      -------------------- Error            
369shorehamcircle.com               -------------------- Is it Free?      
369webcash.com                      2024-04-12     Valid      ( 270)
369zb.com                           2024-07-10     Valid      ( 360)
369zb.com                           2024-07-10     Valid      ( 360)
365tejas.com                        -------------------- Error            
36dm.com                            2023-12-09     Valid      ( 145)
36elihustreet.com                   -------------------- Is it Free?      
368theatre.com                      2024-01-29     Valid      ( 197)
368soicaumb.com                     -------------------- Error            
36mountainspringrdburlington.com    -------------------- Is it Free?      
36kyoutei2022.com                   2024-03-24     Valid      ( 251)
36shetlandlane.com                  2023-05-11     Expires    ( -66)
36rm.com                            2024-07-12     Valid      ( 362)
36th-avenue.com                     -------------------- Is it Free?      
36standrews.com                     2023-05-13     Expires    ( -64)
3700deandrive.com                   -------------------- Is it Free?      
36ve.com                            2026-06-11     Valid      (1061)
370bronsonroad.com                  2023-04-28     Expires    ( -79)
3710effingham.com                   -------------------- Is it Free?      
369enterprisesca.com                -------------------- Error            
3712maple.com                       -------------------- Is it Free?      
3710920.com                         2024-04-19     Valid      ( 278)
36lifestyle.com                     2023-05-13     Expires    ( -64)
371first.com                        -------------------- Is it Free?      
372eltoyonal.com                    2023-05-24     Expires    ( -54)
372windmill.com                     -------------------- Is it Free?      
3715terstenaplace411.com            2024-06-08     Valid      ( 328)
3731bodyworx.com                    2026-03-08     Valid      ( 965)
373-web.com                         2024-07-14     Valid      ( 363)
372106.com                          2025-02-04     Valid      ( 569)
36aaron.com                         -------------------- Error            
377-63rd.com                        -------------------- Is it Free?      
373official.com                     2023-10-30     Valid      ( 105)
373official.com                     2023-10-30     Valid      ( 105)
377vanderbilt.com                   -------------------- Is it Free?      
3788saintandrewsdrive.com           -------------------- Is it Free?      
377spositocir.com                   2023-05-05     Expires    ( -72)
37865metalworks.com                 2024-07-08     Valid      ( 357)
378penfieldroad.com                 -------------------- Is it Free?      
365ipos.com                         2024-03-26     Valid      ( 253)
37gillinghamroad.com                -------------------- Is it Free?      
37haltonstreet.com                  -------------------- Is it Free?      
377mm.com                           2024-06-16     Valid      ( 336)
37iacdeconbhopal2022.com            -------------------- Is it Free?      
37mansfieldavenue.com               -------------------- Is it Free?      
37jsccm.com                         2023-05-12     Expires    ( -65)
3788yzzg.com                        2026-08-18     Valid      (1128)
37muzuo.com                         -------------------- Is it Free?      
37track.com                         -------------------- Is it Free?      
38-60.com                           2023-05-22     Expires    ( -55)
37zgsc.com                          2023-07-25     Expires    (   8)
37zsw.com                           2024-02-22     Valid      ( 221)
37078penzancecommon.com             -------------------- Error            
3800onportland.com                  2023-04-28     Expires    ( -79)
3801jason.com                       -------------------- Is it Free?      
380v220v12v.com                     -------------------- Is it Free?      
3810blog.com                        -------------------- Is it Free?      
3819divisadero.com                  2023-05-23     Expires    ( -54)
381woodland.com                     2023-05-02     Expires    ( -75)
3820rhodesave.com                   -------------------- Is it Free?      
380cardona.com                      2023-08-11     Expires    (  25)
3821s8.com                          2023-11-12     Valid      ( 119)
3834502.com                         2023-09-10     Expires    (  55)
3834500.com                         2023-09-10     Expires    (  55)
383family.com                       2024-04-10     Valid      ( 268)
3838lacresta.com                    2024-06-16     Valid      ( 336)
384wclintonavenue.com               2023-05-23     Expires    ( -54)
37gl.com                            2024-05-16     Valid      ( 305)
385cruisers.com                     -------------------- Is it Free?      
388daohang.com                      -------------------- Is it Free?      
3894corina.com                      -------------------- Is it Free?      
37tgy.com                           -------------------- Error            
389sportsss.com                     -------------------- Is it Free?      
365matress.com                      -------------------- Error            
38bento.com                         -------------------- Is it Free?      
38daily.com                         -------------------- Is it Free?      
38east70street.com                  2023-04-29     Expires    ( -78)
38blog.com                          2023-11-14     Valid      ( 121)
38explore.com                       2026-01-24     Valid      ( 923)
38job.com                           -------------------- Is it Free?      
38metrov.com                        -------------------- Is it Free?      
38land.com                          2023-05-20     Expires    ( -57)
38thunderbird.com                   2023-04-26     Expires    ( -81)
38standard.com                      2023-05-02     Expires    ( -76)
38topside.com                       -------------------- Is it Free?      
38wakefield.com                     -------------------- Is it Free?      
38ucb.com                           -------------------- Is it Free?      
38xf.com                            2026-06-27     Valid      (1077)
385th.com                           2024-07-11     Valid      ( 361)
390098.com                          2023-05-13     Expires    ( -64)
390weaverstreet.com                 2023-05-26     Expires    ( -51)
3910pleasantvalleyroad.com          -------------------- Is it Free?      
38rugissants.com                    2024-04-26     Valid      ( 285)
3928238.com                         -------------------- Is it Free?      
38ux.com                            2024-08-20     Valid      ( 401)
3929cerrito.com                     2023-05-24     Expires    ( -53)
392saketen.com                      -------------------- Is it Free?      
3826naughton.com                    -------------------- Error            
392brushyridge.com                  2023-05-18     Expires    ( -59)
3934elston.com                      2023-04-26     Expires    ( -82)
3939shop.com                        2023-05-12     Expires    ( -65)
3800washingtonstreet.com            2024-07-07     Valid      ( 357)
3956martin.com                      -------------------- Is it Free?      
3900monument.com                    2024-02-02     Valid      ( 201)
396beaconridge.com                  2024-06-06     Valid      ( 326)
3994clubhouse.com                   -------------------- Is it Free?      
394atlanticave.com                  2023-05-14     Expires    ( -63)
39colbyavenue.com                   -------------------- Is it Free?      
3958lamesaln.com                    2023-05-04     Expires    ( -73)
39corkboy.com                       2023-05-11     Expires    ( -67)
39bh.com                            2026-07-08     Valid      (1088)
39hope.com                          2025-05-04     Valid      ( 658)
39degreesproductions.com            2024-05-30     Valid      ( 319)
39hospital.com                      2023-09-15     Soon       (  61)
39galerie.com                       2024-06-23     Valid      ( 343)
39qh.com                            2024-06-14     Valid      ( 334)
390east.com                         -------------------- Error            
3acrm.com                           2024-09-16     Valid      ( 428)
3adh.com                            2023-05-22     Expires    ( -55)
3alemelal3ab.com                    -------------------- Is it Free?      
3alemy.com                          -------------------- Is it Free?      
3allamada.com                       -------------------- Is it Free?      
3alm-net.com                        -------------------- Is it Free?      
3alpacas.com                        -------------------- Is it Free?      
3andan4.com                         -------------------- Is it Free?      
3arbitk.com                         -------------------- Is it Free?      
3b7film.com                         -------------------- Is it Free?      
37518.com                           2023-12-01     Valid      ( 137)
3bajocero.com                       2023-05-11     Expires    ( -67)
3bandmice.com                       2024-04-02     Valid      ( 261)
3apk.com                            2023-07-30     Expires    (  14)
3bdesignco.com                      -------------------- Is it Free?      
3bcommercialcleaning.com            2023-05-18     Expires    ( -60)
3bnef.com                           2024-06-04     Valid      ( 324)
3bouz.com                           2024-04-07     Valid      ( 266)
3bdiamond.com                       2023-10-20     Valid      (  95)
397373.com                          2024-08-13     Valid      ( 394)
399596.com                          2024-05-30     Valid      ( 319)
39blm.com                           -------------------- Error            
3bullauto.com                       -------------------- Is it Free?      
3c848.com                           2023-11-07     Valid      ( 113)
39putea.com                         2024-04-22     Valid      ( 280)
3cata.com                           2024-01-21     Valid      ( 188)
3achabannasr.com                    -------------------- Error            
3class10.com                        -------------------- Is it Free?      
3chalices.com                       2023-07-29     Expires    (  12)
3cmachinery.com                     2024-03-31     Valid      ( 258)
3cohosting.com                      2024-06-19     Valid      ( 338)
3cogblog.com                        2023-10-27     Valid      ( 103)
3con-nostyle.com                    2023-05-01     Expires    ( -76)
3coregroup.com                      2024-06-24     Valid      ( 344)
3bremovals.com                      -------------------- Error            
3craigave.com                       2024-06-30     Valid      ( 350)
3cornerproperties.com               2024-03-12     Valid      ( 240)
3bremovals.com                      -------------------- Error            
3cubetattoos.com                    -------------------- Is it Free?      
3culturascatering.com               -------------------- Is it Free?      
3d-35johnstonst.com                 -------------------- Is it Free?      
3d-amagumo.com                      2023-10-29     Valid      ( 104)
3d-beer.com                         -------------------- Is it Free?      
3d-gay-porn-games.com               -------------------- Is it Free?      
3d-capture.com                      2024-02-16     Valid      ( 214)
3d-designsinc.com                   2024-01-15     Valid      ( 183)
3d-interactive-sex-games.com        -------------------- Is it Free?      
3d-bibliothek.com                   2023-10-01     Soon       (  76)
3d-images-gallery.com               2024-07-10     Valid      ( 360)
3d-lighttrans.com                   2023-05-25     Expires    ( -52)
3circleservices.com                 -------------------- Error            
3d-masonry.com                      2023-05-08     Expires    ( -70)
3d-mockuper.com                     2023-05-04     Expires    ( -74)
3d-prints.com                       2023-12-28     Valid      ( 165)
3d-thailand.com                     2026-10-26     Valid      (1197)
3d-rm.com                           2024-03-30     Valid      ( 258)
3d078.com                           -------------------- Is it Free?      
3d090.com                           -------------------- Is it Free?      
3d4dultrasoundlavallette.com        -------------------- Is it Free?      
3d6design.com                       2024-06-30     Valid      ( 350)
3dado.com                           2023-05-01     Expires    ( -76)
3bilit.com                          2024-04-12     Valid      ( 270)
3dandarviewer.com                   2023-09-15     Soon       (  61)
3dandl.com                          2023-05-23     Expires    ( -54)
3dartistsupply.com                  2024-07-11     Valid      ( 361)
3daysfreelanceworkshop.com          -------------------- Is it Free?      
3cuevana3.com                       -------------------- Error            
3dayweekendentrepreneur.com         2024-03-26     Valid      ( 253)
3dbina.com                          -------------------- Is it Free?      
3days-techhouse.com                 2023-08-01     Expires    (  15)
3dcarpunk.com                       -------------------- Is it Free?      
3dcgmoriblog.com                    2023-05-25     Expires    ( -53)
3dbuildinganimation.com             2023-06-24     Expires    ( -22)
3dcr4zy.com                         -------------------- Is it Free?      
3dcreatorhub.com                    -------------------- Is it Free?      
3ddroneacademy.com                  2025-07-25     Valid      ( 739)
3decans.com                         2024-02-23     Valid      ( 222)
3d-plus.com                         -------------------- Error            
3d-screensaver-downloads.com        -------------------- Error            
3detalhes.com                       -------------------- Is it Free?      
3dendora.com                        2023-10-20     Valid      (  95)
3dfurnitureplans.com                -------------------- Is it Free?      
3dgaysexgames.com                   -------------------- Is it Free?      
3dfinescan.com                      2023-05-27     Expires    ( -50)
3dgenics.com                        2023-10-02     Soon       (  77)
3d2v.com                            2023-09-15     Soon       (  60)
3danatomymodels.com                 2024-05-21     Valid      ( 310)
3dgranollers.com                    2024-01-30     Valid      ( 198)
3dimaginggroup.com                  -------------------- Is it Free?      
3dfashiongallery.com                2023-07-27     Expires    (  11)
3dimensions-ltd.com                 2023-05-24     Expires    ( -54)
3diphonewallpapers.com              -------------------- Is it Free?      
3disight.com                        2024-06-26     Valid      ( 346)
3dconceptartist.com                 -------------------- Error            
3dkeshaw.com                        2024-02-19     Valid      ( 217)
3dkolin.com                         2024-03-02     Valid      ( 229)
3d-nexus.com                        -------------------- Error            
3dhey.com                           2025-04-07     Valid      ( 630)
3dmakeart.com                       2024-04-05     Valid      ( 264)
3dkumo.com                          2023-11-27     Valid      ( 134)
3dcinetech.com                      2024-05-24     Valid      ( 313)
3dduvarkaplama.com                  2023-10-18     Valid      (  94)
3dmaxworld.com                      2025-05-26     Valid      ( 679)
3dmaxworld.com                      2025-05-26     Valid      ( 679)
3didemo.com                         -------------------- Error            
3dmf.com                            2024-11-02     Valid      ( 475)
3dmonsterfuck.com                   2023-05-16     Expires    ( -62)
3dm-games.com                       2024-02-10     Valid      ( 209)
3dplusmedical.com                   -------------------- Is it Free?      
3dprintedsound.com                  -------------------- Is it Free?      
3dpentm.com                         2023-05-19     Expires    ( -59)
3dmagnetlashes.com                  2024-01-15     Valid      ( 183)
3drealtyphotographer.com            -------------------- Is it Free?      
3dprintercoupon.com                 2024-03-26     Valid      ( 254)
3drens.com                          2025-06-29     Valid      ( 714)
3dscan-lifebase.com                 -------------------- Is it Free?      
3dsignfonts.com                     -------------------- Is it Free?      
3dsemanasanta.com                   2024-02-12     Valid      ( 211)
3dsmaxfiles.com                     2026-02-08     Valid      ( 938)
3dswpro.com                         2024-07-07     Valid      ( 357)
3does.com                           -------------------- Error            
3dspecialties.com                   2033-02-15     Valid      (3502)
3dsuperb.com                        2025-08-26     Valid      ( 772)
3dprintedstore.com                  -------------------- Error            
3dprinteratlas.com                  -------------------- Error            
3dimpex.com                         2023-10-21     Valid      (  97)
3dvcg.com                           2027-10-10     Valid      (1546)
3dtlaciaren.com                     2023-08-29     Expires    (  43)
3dvisual.com                        2023-12-29     Valid      ( 165)
3e-115dixonst.com                   -------------------- Is it Free?      
3dzhubo.com                         2024-01-21     Valid      ( 189)
3eaglesits.com                      -------------------- 3e4bp.com                          Is it Free?       
2023-08-31     Expires    (  45)
3dtreecompany.com                   2024-02-22     Valid      ( 221)
3ee4.com                            2024-04-21     Valid      ( 280)
3dwoodcraft.com                     2023-05-06     Expires    ( -71)
3eimaru.com                         2029-09-30     Valid      (2267)
3eindia.com                         2023-05-19     Expires    ( -58)
3elmy3elmk.com                      2023-10-28     Valid      ( 103)
3ercongresoaadynd.com               -------------------- Is it Free?      
3emmeceramiche.com                  2024-04-01     Valid      ( 260)
3emmeceramiche.com                  2024-04-01     Valid      ( 260)
3farmroad.com                       -------------------- Is it Free?      
3eskk.com                           2024-02-10     Valid      ( 208)
3f9k.com                            2024-01-24     Valid      ( 192)
3dstiftetest.com                    -------------------- Error            
3epro.com                           2024-04-21     Valid      ( 280)
3fectasolutions.com                 2023-05-15     Expires    ( -63)
3friartuckcourt.com                 -------------------- Is it Free?      
3fareshchi.com                      2024-04-04     Valid      ( 262)
3fotografen.com                     2023-05-25     Expires    ( -52)
3fhk.com                            2025-05-24     Valid      ( 678)
3gameshootouts.com                  2023-05-11     Expires    ( -66)
3gigglingtwirls.com                 -------------------- Is it Free?      
3gestudio.com                       -------------------- Is it Free?      
3fromthecorner.com                  2023-07-30     Expires    (  14)
3g165.com                           2024-05-11     Valid      ( 300)
3gmelife.com                        2023-05-11     Expires    ( -67)
3girlsdispatch.com                  2024-02-05     Valid      ( 204)
3gibbons.com                        2024-08-31     Valid      ( 412)
3gteamrecords.com                   -------------------- Is it Free?      
3gofly.com                          2026-09-18     Valid      (1160)
3gscard.com                         2024-07-14     Valid      ( 364)
3hats1life.com                      2023-05-04     Expires    ( -73)
3g88.com                            2024-01-31     Valid      ( 199)
3gxz.com                            2023-05-20     Expires    ( -57)
3hatspro.com                        -------------------- Is it Free?      
3i-indonesia.com                    -------------------- Is it Free?      
3hmsl.com                           2023-05-09     Expires    ( -68)
3i-intl.com                         2024-03-13     Valid      ( 241)
3gulvsliping-fosen.com              2024-06-16     Valid      ( 335)
3iire.com                           2023-10-03     Soon       (  78)
3houndgames.com                     2025-12-16     Valid      ( 884)
3jsandladycustomdecor.com           -------------------- Is it Free?      
3jmache.com                         2024-01-19     Valid      ( 186)
3ien.com                            2023-10-14     Valid      (  90)
3juliannact.com                     -------------------- Is it Free?      
3kids2dawgs.com                     -------------------- Is it Free?      
3kame.com                           2024-03-13     Valid      ( 240)
3kdboom.com                         2024-06-08     Valid      ( 327)
3kid.com                            2024-06-22     Valid      ( 342)
3kingsbarberstudioca.com            2023-05-05     Expires    ( -72)
3kardes.com                         2023-09-06     Expires    (  52)
3la10mii.com                        -------------------- Is it Free?      
3kongjian.com                       2024-08-03     Valid      ( 384)
3la10mii.com                        -------------------- Is it Free?      
3lacuesta.com                       -------------------- Is it Free?      
3legendsinconcert.com               -------------------- Is it Free?      
3kspacetech.com                     2024-05-30     Valid      ( 318)
3li3.com                            2024-04-17     Valid      ( 275)
3lftn.com                           2023-10-09     Valid      (  84)
3loulou-express.com                 2024-06-26     Valid      ( 345)
3linepitch.com                      2023-10-14     Valid      (  90)
3dvizualizacijaobjekata.com         -------------------- Error            
3m-tools.com                        2023-08-04     Expires    (  18)
3mapleviewlane.com                  -------------------- Is it Free?      
3manuek.com                         2023-10-07     Valid      (  82)
3king39.com                         -------------------- Error            
3mienmoloctrungvang.com             -------------------- Is it Free?      
3milechallenge.com                  -------------------- Is it Free?      
3mike3.com                          2023-12-02     Valid      ( 138)
3looom.com                          -------------------- Error            
3dvisium.com                        -------------------- Error            
3dvisium.com                        -------------------- Error            
3lmasar.com                         -------------------- Error            
3mm-crisisstrike.com                2024-08-04     Valid      ( 385)
3mpiao.com                          -------------------- Is it Free?      
3minecraftmod.com                   -------------------- Error            
3milkywins.com                      -------------------- Error            
3mvirtualeducationforum.com         -------------------- Is it Free?      
3minutes-film.com                   2023-05-28     Expires    ( -49)
3n1gmamedia.com                     -------------------- Is it Free?      
3nding.com                          -------------------- Is it Free?      
3nichols.com                        -------------------- Is it Free?      
3nplainview.com                     -------------------- Is it Free?      
3minutes-film.com                   -------------------- Error            
3orodel3rb.com                      2023-09-05     Expires    (  51)
3movsxxx.com                        2024-04-15     Valid      ( 274)
3owlmedia.com                       2024-07-16     Valid      ( 365)
3phase-media-solutions.com          -------------------- Is it Free?      
3phaseadventures.com                -------------------- Is it Free?      
3pilares.com                        2024-07-08     Valid      ( 358)
3pagansandacat.com                  2023-12-30     Valid      ( 167)
3plperspectives-digital.com         2024-06-24     Valid      ( 343)
3playgroundrd.com                   2023-05-27     Expires    ( -50)
3pmlabo-shop.com                    2024-02-23     Valid      ( 222)
3pintsgone.com                      2023-06-07     Expires    ( -39)
3pornmovs.com                       -------------------- Is it Free?      
3prizekeren.com                     2023-06-16     Expires    ( -31)
3monkswriting.com                   -------------------- Error            
3rabmobile.com                      -------------------- Is it Free?      
3rb-live.com                        -------------------- Is it Free?      
3rdand10.com                        -------------------- Is it Free?      
3qelectronik.com                    2023-05-28     Expires    ( -49)
3rdaswanforum.com                   -------------------- Is it Free?      
3pdyg2fc.com                        -------------------- Error            
3rddowntraining.com                 -------------------- Is it Free?      
3rdcoastfit.com                     2023-08-29     Expires    (  43)
3rdeyesalon.com                     2024-07-07     Valid      ( 357)
3rd-idea.com                        2023-12-13     Valid      ( 150)
3rdplace-gallery.com                2023-10-07     Valid      (  82)
3reasonsdesign.com                  2024-09-18     Valid      ( 430)
3pointhrm.com                       -------------------- Error            
3pointsmobileworkshop.com           -------------------- Error            
3riversfootball.com                 -------------------- Is it Free?      
3riverswisconsin.com                -------------------- Is it Free?      
3rideas.com                         -------------------- Is it Free?      
3rmax.com                           -------------------- Is it Free?      
3s-fusui.com                        2025-06-19     Valid      ( 704)
3s-laboo.com                        -------------------- Is it Free?      
3scaar.com                          -------------------- Is it Free?      
3s-guojian.com                      2024-07-05     Valid      ( 354)
3sillas.com                         2024-02-25     Valid      ( 224)
3shimaimama.com                     2023-08-26     Expires    (  40)
