The version of chrome cannot be detected. Trying with latest driver version
Traceback (most recent call last):
  File "/usr/lib/python3.10/runpy.py", line 196, in _run_module_as_main
    return _run_code(code, main_globals, None,
  File "/usr/lib/python3.10/runpy.py", line 86, in _run_code
    exec(code, run_globals)
  File "/home/anton/proj/cpaclub.asia/pbn/domains/check_domains/check_domains_google/check_domains_google/__main__.py", line 2, in <module>
    from funcs import get_google_results,get_domains_from_file,append_domain_and_results_to_file,save_favicon
  File "/home/anton/proj/cpaclub.asia/pbn/domains/check_domains/check_domains_google/check_domains_google/funcs.py", line 17, in <module>
    driver = webdriver.Chrome(options=chrome_options)
  File "/home/anton/.local/lib/python3.10/site-packages/selenium/webdriver/chrome/webdriver.py", line 49, in __init__
    super().__init__(
  File "/home/anton/.local/lib/python3.10/site-packages/selenium/webdriver/chromium/webdriver.py", line 54, in __init__
    super().__init__(
  File "/home/anton/.local/lib/python3.10/site-packages/selenium/webdriver/remote/webdriver.py", line 206, in __init__
    self.start_session(capabilities)
  File "/home/anton/.local/lib/python3.10/site-packages/selenium/webdriver/remote/webdriver.py", line 291, in start_session
    response = self.execute(Command.NEW_SESSION, caps)["value"]
  File "/home/anton/.local/lib/python3.10/site-packages/selenium/webdriver/remote/webdriver.py", line 346, in execute
    self.error_handler.check_response(response)
  File "/home/anton/.local/lib/python3.10/site-packages/selenium/webdriver/remote/errorhandler.py", line 245, in check_response
    raise exception_class(message, screen, stacktrace)
selenium.common.exceptions.WebDriverException: Message: unknown error: cannot find Chrome binary
Stacktrace:
#0 0x55c2212244e3 <unknown>
#1 0x55c220f53c76 <unknown>
#2 0x55c220f7a757 <unknown>
#3 0x55c220f79029 <unknown>
#4 0x55c220fb7ccc <unknown>
#5 0x55c220fb747f <unknown>
#6 0x55c220faede3 <unknown>
#7 0x55c220f842dd <unknown>
#8 0x55c220f8534e <unknown>
#9 0x55c2211e43e4 <unknown>
#10 0x55c2211e83d7 <unknown>
#11 0x55c2211f2b20 <unknown>
#12 0x55c2211e9023 <unknown>
#13 0x55c2211b71aa <unknown>
#14 0x55c22120d6b8 <unknown>
#15 0x55c22120d847 <unknown>
#16 0x55c22121d243 <unknown>
#17 0x7faf71890402 <unknown>

